<?xml version="1.0" encoding="UTF-8"?>
<!-- Generated by org.testng.reporters.JUnitXMLReporter -->
<testsuite ignored="0" hostname="HP-CORE-i7" failures="0" tests="5" name="Default test" time="0.05" errors="0" timestamp="2023-10-31T18:45:16 EDT">
  <testcase classname="com.testng.practice.PracticeTestNGMethods" name="login" time="0.006"/>
  <testcase classname="com.testng.practice.PracticeTestNGMethods" name="selectItem" time="0.001"/>
  <testcase classname="com.testng.practice.PracticeTestNGMethods" name="cart" time="0.002"/>
  <testcase classname="com.testng.practice.PracticeTestNGMethods" name="payment" time="0.001"/>
  <testcase classname="com.testng.practice.PracticeTestNGMethods" name="placeOrder" time="0.001"/>
</testsuite> <!-- Default test -->
