<?xml version="1.0" encoding="UTF-8"?>
<!-- Generated by org.testng.reporters.JUnitXMLReporter -->
<testsuite ignored="3" hostname="HP-CORE-i7" failures="0" tests="2" name="Test" time="0.041" errors="0" timestamp="2023-10-31T18:48:11 EDT">
  <testcase classname="com.testng.practice.PracticeTestNGMethods" name="login" time="0.004"/>
  <testcase classname="com.testng.practice.PracticeTestNGMethods" name="payment" time="0.001"/>
  <testcase classname="com.testng.practice.PracticeTestNGMethods" name="selectItem" time="0.0">
    <ignored/>
  </testcase> <!-- selectItem -->
  <testcase classname="com.testng.practice.PracticeTestNGMethods" name="placeOrder" time="0.0">
    <ignored/>
  </testcase> <!-- placeOrder -->
  <testcase classname="com.testng.practice.PracticeTestNGMethods" name="cart" time="0.0">
    <ignored/>
  </testcase> <!-- cart -->
</testsuite> <!-- Test -->
