<?xml version="1.0" encoding="UTF-8"?>
<testng-results ignored="0" total="2" passed="2" failed="0" skipped="0">
  <reporter-output>
  </reporter-output>
  <suite started-at="2023-10-31T18:48:10 EDT" name="Suite" finished-at="2023-10-31T18:48:11 EDT" duration-ms="41">
    <groups>
      <group name="Smoke">
        <method signature="PracticeTestNGMethods.login()[pri:0, instance:com.testng.practice.PracticeTestNGMethods@32910148]" name="login" class="com.testng.practice.PracticeTestNGMethods"/>
        <method signature="PracticeTestNGMethods.payment()[pri:3, instance:com.testng.practice.PracticeTestNGMethods@32910148]" name="payment" class="com.testng.practice.PracticeTestNGMethods"/>
      </group> <!-- Smoke -->
    </groups>
    <test started-at="2023-10-31T18:48:10 EDT" name="Test" finished-at="2023-10-31T18:48:11 EDT" duration-ms="41">
      <class name="com.testng.practice.PracticeTestNGMethods">
        <test-method signature="login()[pri:0, instance:com.testng.practice.PracticeTestNGMethods@32910148]" started-at="2023-10-31T18:48:10 EDT" name="login" finished-at="2023-10-31T18:48:10 EDT" duration-ms="4" status="PASS">
          <reporter-output>
          </reporter-output>
        </test-method> <!-- login -->
        <test-method signature="payment()[pri:3, instance:com.testng.practice.PracticeTestNGMethods@32910148]" started-at="2023-10-31T18:48:10 EDT" name="payment" finished-at="2023-10-31T18:48:10 EDT" duration-ms="1" status="PASS">
          <reporter-output>
          </reporter-output>
        </test-method> <!-- payment -->
      </class> <!-- com.testng.practice.PracticeTestNGMethods -->
    </test> <!-- Test -->
  </suite> <!-- Suite -->
</testng-results>
